<?xml version="1.0" encoding="UTF-8"?>
<testsuite xmlns:xsi="http://www.w3.org/2001/XMLSchema-instance" xsi:noNamespaceSchemaLocation="https://maven.apache.org/surefire/maven-surefire-plugin/xsd/surefire-test-report-3.0.xsd" version="3.0" name="runners.TestRunner" time="36.629" tests="1" errors="0" skipped="0" failures="0">
  <properties>
[...]
</properties>
  <testcase name="Create account, add products, checkout, pay, and delete account" classname="End to End Purchase Flow - data-driven from feature file" time="36.306">
    <system-out><![CDATA[
@e2e
Scenario Outline: Create account, add products, checkout, pay, and delete account                                                # src/test/resources/features/AutomationExercise.feature:32
  Given User launches the browser and navigates to "http://automationexercise.com"                                               # stepdefinitions.Steps.user_launches_browser_and_navigates_to(java.lang.String)
  When User clicks Signup Login                                                                                                  # stepdefinitions.Steps.user_clicks_signup_login()
  Then New User Signup is visible                                                                                                # stepdefinitions.Steps.new_user_signup_is_visible()
  When User enters signup name "AnkurQA" and email "ankur.qa+<random>@example.com"                                               # stepdefinitions.Steps.user_enters_signup_name_and_email(java.lang.String,java.lang.String)
  And User clicks Signup button                                                                                                  # stepdefinitions.Steps.user_clicks_signup_button()
  Then Enter Account Information should be visible                                                                               # stepdefinitions.Steps.enter_account_information_should_be_visible()
  When User fills account details with password "P@ss1234" day "10" month "June" year "1990"                                     # stepdefinitions.Steps.user_fills_account_details_with_password_day_month_year(java.lang.String,java.lang.String,java.lang.String,java.lang.String)
  And User selects newsletters                                                                                                   # stepdefinitions.Steps.user_selects_newsletters()
  And User fills address "Ankur" "Rana" "Dubai Company" "123 Test Street" "Apt 10" "India" "Delhi" "Delhi" "110001" "9999999999" # stepdefinitions.Steps.user_fills_address(java.lang.String,java.lang.String,java.lang.String,java.lang.String,java.lang.String,java.lang.String,java.lang.String,java.lang.String,java.lang.String,java.lang.String)
  And User clicks Create Account                                                                                                 # stepdefinitions.Steps.user_clicks_create_account()
  Then Account Created should be visible                                                                                         # stepdefinitions.Steps.account_created_should_be_visible()
  When User clicks Continue after account creation                                                                               # stepdefinitions.Steps.user_clicks_continue_after_account_creation()
  Then User should be logged in as "AnkurQA"                                                                                     # stepdefinitions.Steps.user_should_be_logged_in_as(java.lang.String)
  When User opens Products                                                                                                       # stepdefinitions.Steps.user_opens_products()
  And User add products to cart                                                                                                  # stepdefinitions.Steps.user_add_products_to_cart()
  And User clicks View Cart                                                                                                      # stepdefinitions.Steps.user_clicks_view_cart()
  When User proceeds to checkout                                                                                                 # stepdefinitions.Steps.user_proceeds_to_checkout()
  Then Address details and order review should be visible                                                                        # stepdefinitions.Steps.address_details_and_order_review_should_be_visible()
  When User enters comment "Please deliver between 9-6" and places order                                                         # stepdefinitions.Steps.user_enters_comment_and_places_order(java.lang.String)
  And User enters payment details name "Ankur Rana" card "4111111111111111" cvc "123" month "12" year "2030"                     # stepdefinitions.Steps.user_enters_payment_details_name_card_cvc_month_year(java.lang.String,java.lang.String,java.lang.String,java.lang.String,java.lang.String)
  And User clicks Pay and Confirm                                                                                                # stepdefinitions.Steps.user_clicks_pay_and_confirm()
  Then Order success message should be visible                                                                                   # stepdefinitions.Steps.order_success_message_should_be_visible()
  When User deletes account                                                                                                      # stepdefinitions.Steps.user_deletes_account()
  Then Account Deleted should be visible and continue                                                                            # stepdefinitions.Steps.account_deleted_should_be_visible_and_continue()
]]></system-out>
    <system-err><![CDATA[Aug 31, 2025 5:10:27 PM org.openqa.selenium.devtools.CdpVersionFinder findNearestMatch
WARNING: Unable to find CDP implementation matching 139
Aug 31, 2025 5:10:27 PM org.openqa.selenium.chromium.ChromiumDriver lambda$new$5
WARNING: Unable to find version of CDP to use for 139.0.7258.155. You may need to include a dependency on a specific version of the CDP using something similar to `org.seleniumhq.selenium:selenium-devtools-v86:4.23.0` where the version ("v86") matches the version of the chromium-based browser you're using and the version number of the artifact is the same as Selenium's.
]]></system-err>
  </testcase>
</testsuite>